Arguments: 
  C:\Program Files\nodejs\node.exe C:\Users\marcos.vf\AppData\Roaming\npm\node_modules\yarn\bin\yarn.js add -D prisma-erd-generator @mermaid-js/mermaid-cli

PATH: 
  C:\Users\marcos.vf\bin;C:\Program Files\Git\mingw64\bin;C:\Program Files\Git\usr\local\bin;C:\Program Files\Git\usr\bin;C:\Program Files\Git\usr\bin;C:\Program Files\Git\mingw64\bin;C:\Program Files\Git\usr\bin;C:\Users\marcos.vf\bin;C:\Program Files\Microsoft\jdk-11.0.15.10-hotspot\bin;C:\Python311\Scripts;C:\Python311;C:\Program Files (x86)\Common Files\Oracle\Java\javapath;C:\Windows\system32;C:\Windows;C:\Windows\System32\Wbem;C:\Windows\System32\WindowsPowerShell\v1.0;C:\Windows\System32\OpenSSH;C:\ProgramData\chocolatey\bin;C:\Program Files\Git\cmd;C:\Users\marcos.vf\AppData\Roaming\nvm;C:\Program Files\nodejs;C:\Program Files\nodejs;C:\Users\marcos.vf\AppData\Local\Microsoft\WindowsApps;C:\Users\marcos.vf\AppData\Local\Programs\Microsoft VS Code\bin;C:\Users\marcos.vf\AppData\Roaming\nvm;C:\Program Files\nodejs;C:\Users\marcos.vf\AppData\Roaming\npm;C:\Program Files\Git\usr\bin\vendor_perl;C:\Program Files\Git\usr\bin\core_perl

Yarn version: 
  1.22.19

Node version: 
  18.13.0

Platform: 
  win32 x64

Trace: 
  Error: EPERM: operation not permitted, unlink 'C:\Users\marcos.vf\Documents\DEV\NLWSETUP\server\node_modules\esbuild-windows-64\esbuild.exe'

npm manifest: 
  {
    "name": "server",
    "version": "1.0.0",
    "description": "Server Back End",
    "main": "index.js",
    "scripts": {
      "test": "echo \"Error: no test specified\" && exit 1",
      "dev": "tsx watch src/server.ts"
    },
    "keywords": [],
    "author": "",
    "license": "ISC",
    "dependencies": {
      "@fastify/cors": "^8.2.0",
      "@prisma/client": "^4.8.1",
      "fastify": "^4.11.0"
    },
    "devDependencies": {
      "prisma": "^4.8.1",
      "tsx": "^3.12.2",
      "typescript": "^4.9.4"
    }
  }

yarn manifest: 
  No manifest

Lockfile: 
  No lockfile
